<?xml version="1.0" encoding="UTF-8"?>
<coverage generated="1655377720322" clover="3.2.0">
  <project timestamp="1655377720322" name="All files">
    <metrics statements="21" coveredstatements="15" conditionals="2" coveredconditionals="2" methods="10" coveredmethods="6" elements="33" coveredelements="23" complexity="0" loc="21" ncloc="21" packages="2" files="3" classes="3"/>
    <package name="__mock__">
      <metrics statements="5" coveredstatements="1" conditionals="0" coveredconditionals="0" methods="1" coveredmethods="0"/>
      <file name="makeTaskElement.js" path="C:\Users\Nadya\to-do-list-review\__mock__\makeTaskElement.js">
        <metrics statements="5" coveredstatements="1" conditionals="0" coveredconditionals="0" methods="1" coveredmethods="0"/>
        <line num="2" count="0" type="stmt"/>
        <line num="3" count="0" type="stmt"/>
        <line num="4" count="0" type="stmt"/>
        <line num="5" count="0" type="stmt"/>
        <line num="8" count="1" type="stmt"/>
      </file>
    </package>
    <package name="src">
      <metrics statements="16" coveredstatements="14" conditionals="2" coveredconditionals="2" methods="9" coveredmethods="6"/>
      <file name="addRemove.js" path="C:\Users\Nadya\to-do-list-review\src\addRemove.js">
        <metrics statements="8" coveredstatements="8" conditionals="0" coveredconditionals="0" methods="1" coveredmethods="1"/>
        <line num="2" count="1" type="stmt"/>
        <line num="7" count="1" type="stmt"/>
        <line num="13" count="1" type="stmt"/>
        <line num="14" count="1" type="stmt"/>
        <line num="16" count="1" type="stmt"/>
        <line num="17" count="1" type="stmt"/>
        <line num="18" count="1" type="stmt"/>
        <line num="21" count="1" type="stmt"/>
      </file>
      <file name="storage.js" path="C:\Users\Nadya\to-do-list-review\src\storage.js">
        <metrics statements="8" coveredstatements="6" conditionals="2" coveredconditionals="2" methods="8" coveredmethods="5"/>
        <line num="3" count="1" type="cond" truecount="2" falsecount="0"/>
        <line num="7" count="1" type="stmt"/>
        <line num="10" count="0" type="stmt"/>
        <line num="12" count="1" type="stmt"/>
        <line num="14" count="1" type="stmt"/>
        <line num="17" count="0" type="stmt"/>
        <line num="21" count="1" type="stmt"/>
        <line num="24" count="1" type="stmt"/>
      </file>
    </package>
  </project>
</coverage>
