{"C:\\Users\\Nadya\\to-do-list-review\\__mock__\\makeTaskElement.js": {"path":"C:\\Users\\Nadya\\to-do-list-review\\__mock__\\makeTaskElement.js","statementMap":{"0":{"start":{"line":3,"column":13},"end":{"line":3,"column":41}},"1":{"start":{"line":4,"column":2},"end":{"line":4,"column":32}},"2":{"start":{"line":5,"column":2},"end":{"line":5,"column":134}},"3":{"start":{"line":6,"column":2},"end":{"line":6,"column":12}},"4":{"start":{"line":9,"column":0},"end":{"line":9,"column":33}}},"fnMap":{"0":{"name":"makeTaskElement","decl":{"start":{"line":2,"column":9},"end":{"line":2,"column":24}},"loc":{"start":{"line":2,"column":42},"end":{"line":7,"column":1}},"line":2}},"branchMap":{},"s":{"0":0,"1":0,"2":0,"3":0,"4":1},"f":{"0":0},"b":{},"_coverageSchema":"1a1c01bbd47fc00a2c39e90264f33305004495a9","hash":"fd0131175e9decbc745021488588c629190ef75e"}
,"C:\\Users\\Nadya\\to-do-list-review\\__mock__\\populate.js": {"path":"C:\\Users\\Nadya\\to-do-list-review\\__mock__\\populate.js","statementMap":{"0":{"start":{"line":1,"column":17},"end":{"line":17,"column":1}},"1":{"start":{"line":2,"column":2},"end":{"line":2,"column":35}},"2":{"start":{"line":2,"column":28},"end":{"line":2,"column":35}},"3":{"start":{"line":4,"column":18},"end":{"line":4,"column":20}},"4":{"start":{"line":6,"column":2},"end":{"line":16,"column":5}},"5":{"start":{"line":7,"column":4},"end":{"line":15,"column":6}},"6":{"start":{"line":19,"column":0},"end":{"line":19,"column":26}}},"fnMap":{"0":{"name":"(anonymous_0)","decl":{"start":{"line":1,"column":17},"end":{"line":1,"column":18}},"loc":{"start":{"line":1,"column":23},"end":{"line":17,"column":1}},"line":1},"1":{"name":"(anonymous_1)","decl":{"start":{"line":6,"column":23},"end":{"line":6,"column":24}},"loc":{"start":{"line":6,"column":51},"end":{"line":16,"column":3}},"line":6}},"branchMap":{"0":{"loc":{"start":{"line":2,"column":2},"end":{"line":2,"column":35}},"type":"if","locations":[{"start":{"line":2,"column":2},"end":{"line":2,"column":35}},{"start":{},"end":{}}],"line":2}},"s":{"0":1,"1":0,"2":0,"3":0,"4":0,"5":0,"6":1},"f":{"0":0,"1":0},"b":{"0":[0,0]},"_coverageSchema":"1a1c01bbd47fc00a2c39e90264f33305004495a9","hash":"7e71eb31b1989ae1dc2f3f35ad33c24643ab06b3"}
,"C:\\Users\\Nadya\\to-do-list-review\\src\\addRemove.js": {"path":"C:\\Users\\Nadya\\to-do-list-review\\src\\addRemove.js","statementMap":{"0":{"start":{"line":4,"column":24},"end":{"line":4,"column":65}},"1":{"start":{"line":7,"column":18},"end":{"line":11,"column":3}},"2":{"start":{"line":13,"column":2},"end":{"line":13,"column":24}},"3":{"start":{"line":14,"column":2},"end":{"line":14,"column":20}},"4":{"start":{"line":16,"column":22},"end":{"line":16,"column":46}},"5":{"start":{"line":17,"column":2},"end":{"line":17,"column":33}},"6":{"start":{"line":18,"column":2},"end":{"line":18,"column":21}},"7":{"start":{"line":22,"column":13},"end":{"line":22,"column":33}},"8":{"start":{"line":23,"column":16},"end":{"line":23,"column":35}},"9":{"start":{"line":25,"column":2},"end":{"line":25,"column":14}},"10":{"start":{"line":26,"column":2},"end":{"line":26,"column":24}},"11":{"start":{"line":29,"column":2},"end":{"line":29,"column":20}},"12":{"start":{"line":32,"column":0},"end":{"line":35,"column":2}}},"fnMap":{"0":{"name":"addTask","decl":{"start":{"line":6,"column":9},"end":{"line":6,"column":16}},"loc":{"start":{"line":6,"column":30},"end":{"line":19,"column":1}},"line":6},"1":{"name":"remove","decl":{"start":{"line":21,"column":9},"end":{"line":21,"column":15}},"loc":{"start":{"line":21,"column":28},"end":{"line":30,"column":1}},"line":21}},"branchMap":{},"s":{"0":1,"1":1,"2":1,"3":1,"4":1,"5":1,"6":1,"7":1,"8":1,"9":1,"10":1,"11":1,"12":1},"f":{"0":1,"1":1},"b":{},"_coverageSchema":"1a1c01bbd47fc00a2c39e90264f33305004495a9","hash":"0889666dc263e37169747f67f8774c51dba5d7ec"}
,"C:\\Users\\Nadya\\to-do-list-review\\src\\editCompleteClear.js": {"path":"C:\\Users\\Nadya\\to-do-list-review\\src\\editCompleteClear.js","statementMap":{"0":{"start":{"line":4,"column":20},"end":{"line":4,"column":26}},"1":{"start":{"line":5,"column":2},"end":{"line":5,"column":29}},"2":{"start":{"line":6,"column":2},"end":{"line":6,"column":20}},"3":{"start":{"line":8,"column":16},"end":{"line":8,"column":67}},"4":{"start":{"line":9,"column":2},"end":{"line":9,"column":42}},"5":{"start":{"line":11,"column":2},"end":{"line":11,"column":20}},"6":{"start":{"line":15,"column":26},"end":{"line":15,"column":60}},"7":{"start":{"line":16,"column":16},"end":{"line":16,"column":48}},"8":{"start":{"line":18,"column":2},"end":{"line":24,"column":3}},"9":{"start":{"line":19,"column":4},"end":{"line":19,"column":41}},"10":{"start":{"line":20,"column":4},"end":{"line":20,"column":72}},"11":{"start":{"line":22,"column":4},"end":{"line":22,"column":42}},"12":{"start":{"line":23,"column":4},"end":{"line":23,"column":64}},"13":{"start":{"line":25,"column":2},"end":{"line":25,"column":20}},"14":{"start":{"line":29,"column":2},"end":{"line":29,"column":19}},"15":{"start":{"line":31,"column":2},"end":{"line":34,"column":5}},"16":{"start":{"line":32,"column":19},"end":{"line":32,"column":46}},"17":{"start":{"line":33,"column":4},"end":{"line":33,"column":20}},"18":{"start":{"line":36,"column":2},"end":{"line":36,"column":20}},"19":{"start":{"line":39,"column":0},"end":{"line":43,"column":1}}},"fnMap":{"0":{"name":"updateTaskDescription","decl":{"start":{"line":3,"column":9},"end":{"line":3,"column":30}},"loc":{"start":{"line":3,"column":43},"end":{"line":12,"column":1}},"line":3},"1":{"name":"taskCompleted","decl":{"start":{"line":14,"column":9},"end":{"line":14,"column":22}},"loc":{"start":{"line":14,"column":31},"end":{"line":26,"column":1}},"line":14},"2":{"name":"clearCompleted","decl":{"start":{"line":28,"column":9},"end":{"line":28,"column":23}},"loc":{"start":{"line":28,"column":26},"end":{"line":37,"column":1}},"line":28},"3":{"name":"(anonymous_3)","decl":{"start":{"line":31,"column":53},"end":{"line":31,"column":54}},"loc":{"start":{"line":31,"column":76},"end":{"line":34,"column":3}},"line":31}},"branchMap":{"0":{"loc":{"start":{"line":18,"column":2},"end":{"line":24,"column":3}},"type":"if","locations":[{"start":{"line":18,"column":2},"end":{"line":24,"column":3}},{"start":{"line":21,"column":9},"end":{"line":24,"column":3}}],"line":18}},"s":{"0":1,"1":1,"2":1,"3":1,"4":1,"5":1,"6":0,"7":0,"8":0,"9":0,"10":0,"11":0,"12":0,"13":0,"14":0,"15":0,"16":0,"17":0,"18":0,"19":1},"f":{"0":1,"1":0,"2":0,"3":0},"b":{"0":[0,0]},"_coverageSchema":"1a1c01bbd47fc00a2c39e90264f33305004495a9","hash":"c6ec6537ce66014c8261b1f2fc2fc364e66a0c6d"}
,"C:\\Users\\Nadya\\to-do-list-review\\src\\storage.js": {"path":"C:\\Users\\Nadya\\to-do-list-review\\src\\storage.js","statementMap":{"0":{"start":{"line":3,"column":4},"end":{"line":3,"column":71}},"1":{"start":{"line":7,"column":4},"end":{"line":7,"column":28}},"2":{"start":{"line":10,"column":18},"end":{"line":10,"column":48}},"3":{"start":{"line":12,"column":17},"end":{"line":12,"column":44}},"4":{"start":{"line":14,"column":15},"end":{"line":14,"column":35}},"5":{"start":{"line":17,"column":4},"end":{"line":17,"column":79}},"6":{"start":{"line":17,"column":58},"end":{"line":17,"column":77}},"7":{"start":{"line":21,"column":23},"end":{"line":21,"column":39}},"8":{"start":{"line":24,"column":2},"end":{"line":24,"column":66}}},"fnMap":{"0":{"name":"(anonymous_0)","decl":{"start":{"line":2,"column":2},"end":{"line":2,"column":3}},"loc":{"start":{"line":2,"column":16},"end":{"line":4,"column":3}},"line":2},"1":{"name":"(anonymous_1)","decl":{"start":{"line":6,"column":2},"end":{"line":6,"column":3}},"loc":{"start":{"line":6,"column":13},"end":{"line":8,"column":3}},"line":6},"2":{"name":"(anonymous_2)","decl":{"start":{"line":10,"column":2},"end":{"line":10,"column":3}},"loc":{"start":{"line":10,"column":16},"end":{"line":10,"column":50}},"line":10},"3":{"name":"(anonymous_3)","decl":{"start":{"line":12,"column":2},"end":{"line":12,"column":3}},"loc":{"start":{"line":12,"column":15},"end":{"line":12,"column":46}},"line":12},"4":{"name":"(anonymous_4)","decl":{"start":{"line":14,"column":2},"end":{"line":14,"column":3}},"loc":{"start":{"line":14,"column":13},"end":{"line":14,"column":37}},"line":14},"5":{"name":"(anonymous_5)","decl":{"start":{"line":16,"column":2},"end":{"line":16,"column":3}},"loc":{"start":{"line":16,"column":11},"end":{"line":18,"column":3}},"line":16},"6":{"name":"(anonymous_6)","decl":{"start":{"line":17,"column":39},"end":{"line":17,"column":40}},"loc":{"start":{"line":17,"column":58},"end":{"line":17,"column":77}},"line":17},"7":{"name":"setLocalStorage","decl":{"start":{"line":23,"column":16},"end":{"line":23,"column":31}},"loc":{"start":{"line":23,"column":34},"end":{"line":25,"column":1}},"line":23}},"branchMap":{"0":{"loc":{"start":{"line":3,"column":19},"end":{"line":3,"column":70}},"type":"binary-expr","locations":[{"start":{"line":3,"column":19},"end":{"line":3,"column":64}},{"start":{"line":3,"column":68},"end":{"line":3,"column":70}}],"line":3}},"s":{"0":2,"1":1,"2":1,"3":3,"4":5,"5":0,"6":0,"7":2,"8":3},"f":{"0":2,"1":1,"2":1,"3":3,"4":5,"5":0,"6":0,"7":3},"b":{"0":[2,2]},"_coverageSchema":"1a1c01bbd47fc00a2c39e90264f33305004495a9","hash":"361f8e5dbeaf9ec8276bc21cff8fe8e86545873f"}
}
