TN:
SF:__mock__\makeTaskElement.js
FN:2,makeTaskElement
FNF:1
FNH:0
FNDA:0,makeTaskElement
DA:3,0
DA:4,0
DA:5,0
DA:6,0
DA:9,1
LF:5
LH:1
BRF:0
BRH:0
end_of_record
TN:
SF:__mock__\populate.js
FN:1,(anonymous_0)
FN:6,(anonymous_1)
FNF:2
FNH:0
FNDA:0,(anonymous_0)
FNDA:0,(anonymous_1)
DA:1,1
DA:2,0
DA:4,0
DA:6,0
DA:7,0
DA:19,1
LF:6
LH:2
BRDA:2,0,0,0
BRDA:2,0,1,0
BRF:2
BRH:0
end_of_record
TN:
SF:src\addRemove.js
FN:6,addTask
FN:21,remove
FNF:2
FNH:2
FNDA:1,addTask
FNDA:1,remove
DA:4,1
DA:7,1
DA:13,1
DA:14,1
DA:16,1
DA:17,1
DA:18,1
DA:22,1
DA:23,1
DA:25,1
DA:26,1
DA:29,1
DA:32,1
LF:13
LH:13
BRF:0
BRH:0
end_of_record
TN:
SF:src\editCompleteClear.js
FN:3,updateTaskDescription
FN:14,taskCompleted
FN:28,clearCompleted
FN:31,(anonymous_3)
FNF:4
FNH:1
FNDA:1,updateTaskDescription
FNDA:0,taskCompleted
FNDA:0,clearCompleted
FNDA:0,(anonymous_3)
DA:4,1
DA:5,1
DA:6,1
DA:8,1
DA:9,1
DA:11,0
DA:15,0
DA:16,0
DA:18,0
DA:19,0
DA:20,0
DA:22,0
DA:23,0
DA:25,0
DA:29,0
DA:31,0
DA:32,0
DA:33,0
DA:36,0
DA:39,1
LF:20
LH:6
BRDA:18,0,0,0
BRDA:18,0,1,0
BRF:2
BRH:0
end_of_record
TN:
SF:src\storage.js
FN:2,(anonymous_0)
FN:6,(anonymous_1)
FN:10,(anonymous_2)
FN:12,(anonymous_3)
FN:14,(anonymous_4)
FN:16,(anonymous_5)
FN:17,(anonymous_6)
FN:23,setLocalStorage
FNF:8
FNH:6
FNDA:2,(anonymous_0)
FNDA:1,(anonymous_1)
FNDA:1,(anonymous_2)
FNDA:3,(anonymous_3)
FNDA:3,(anonymous_4)
FNDA:0,(anonymous_5)
FNDA:0,(anonymous_6)
FNDA:2,setLocalStorage
DA:3,2
DA:7,1
DA:10,1
DA:12,3
DA:14,3
DA:17,0
DA:21,2
DA:24,2
LF:8
LH:7
BRDA:3,0,0,2
BRDA:3,0,1,2
BRF:2
BRH:2
end_of_record
