TN:
SF:__mock__\makeTaskElement.js
FN:2,makeTaskElement
FNF:1
FNH:0
FNDA:0,makeTaskElement
DA:3,0
DA:4,0
DA:5,0
DA:6,0
DA:9,1
LF:5
LH:1
BRF:0
BRH:0
end_of_record
TN:
SF:__mock__\populate.js
FN:2,(anonymous_0)
FN:7,(anonymous_1)
FNF:2
FNH:0
FNDA:0,(anonymous_0)
FNDA:0,(anonymous_1)
DA:2,1
DA:3,0
DA:5,0
DA:7,0
DA:8,0
DA:20,1
LF:6
LH:2
BRDA:3,0,0,0
BRDA:3,0,1,0
BRF:2
BRH:0
end_of_record
TN:
SF:src\addRemove.js
FN:6,addTask
FN:21,remove
FNF:2
FNH:2
FNDA:1,addTask
FNDA:1,remove
DA:4,1
DA:7,1
DA:13,1
DA:14,1
DA:16,1
DA:17,1
DA:18,1
DA:22,1
DA:23,1
DA:25,1
DA:26,1
DA:29,1
DA:32,1
LF:13
LH:13
BRF:0
BRH:0
end_of_record
TN:
SF:src\editCompleteClear.js
FN:4,updateTaskDescription
FN:15,taskCompleted
FN:30,clearCompleted
FN:33,(anonymous_3)
FNF:4
FNH:4
FNDA:1,updateTaskDescription
FNDA:4,taskCompleted
FNDA:1,clearCompleted
FNDA:3,(anonymous_3)
DA:5,1
DA:6,1
DA:7,1
DA:9,1
DA:10,1
DA:12,1
DA:16,4
DA:17,4
DA:19,4
DA:20,4
DA:21,4
DA:23,0
DA:24,0
DA:26,4
DA:27,0
DA:31,1
DA:33,1
DA:34,3
DA:35,3
DA:39,1
DA:42,1
LF:21
LH:18
BRDA:19,0,0,4
BRDA:19,0,1,0
BRF:2
BRH:1
end_of_record
TN:
SF:src\storage.js
FN:2,(anonymous_0)
FN:6,(anonymous_1)
FN:10,(anonymous_2)
FN:12,(anonymous_3)
FN:14,(anonymous_4)
FN:16,(anonymous_5)
FN:17,(anonymous_6)
FN:23,setLocalStorage
FNF:8
FNH:8
FNDA:2,(anonymous_0)
FNDA:1,(anonymous_1)
FNDA:1,(anonymous_2)
FNDA:4,(anonymous_3)
FNDA:15,(anonymous_4)
FNDA:1,(anonymous_5)
FNDA:3,(anonymous_6)
FNDA:4,setLocalStorage
DA:3,2
DA:7,1
DA:10,1
DA:12,4
DA:14,15
DA:17,3
DA:21,2
DA:24,4
LF:8
LH:8
BRDA:3,0,0,2
BRDA:3,0,1,2
BRF:2
BRH:2
end_of_record
